<?xml version="1.0" encoding="UTF-8"?>
<testsuite xmlns:xsi="http://www.w3.org/2001/XMLSchema-instance" xsi:noNamespaceSchemaLocation="https://maven.apache.org/surefire/maven-surefire-plugin/xsd/surefire-test-report.xsd" version="3.0.2" name="com.cyro.cravekart.CraveKartApplicationTests" time="6.072" tests="1" errors="0" skipped="0" failures="0">
  <properties>
[...]
</properties>
  <testcase name="contextLoads" classname="com.cyro.cravekart.CraveKartApplicationTests" time="0.142">
    <system-out><![CDATA[2026-02-23T17:32:41.050+05:30  INFO 10568 --- [cravekart] [           main] t.c.s.AnnotationConfigContextLoaderUtils : Could not detect default configuration classes for test class [com.cyro.cravekart.CraveKartApplicationTests]: CraveKartApplicationTests does not declare any static, non-private, non-final, nested classes annotated with @Configuration.
2026-02-23T17:32:41.051+05:30  INFO 10568 --- [cravekart] [           main] .b.t.c.SpringBootTestContextBootstrapper : Found @SpringBootConfiguration com.cyro.cravekart.CraveKartApplication for test class com.cyro.cravekart.CraveKartApplicationTests
2026-02-23T17:32:41.055+05:30  INFO 10568 --- [cravekart] [           main] o.a.kafka.common.config.AbstractConfig   : ConsumerConfig values: 
	allow.auto.create.topics = true
	auto.commit.interval.ms = 5000
	auto.offset.reset = latest
	bootstrap.servers = [localhost:9092]
	check.crcs = true
	client.dns.lookup = use_all_dns_ips
	client.id = consumer-order-group-4
	client.rack = 
	connections.max.idle.ms = 540000
	default.api.timeout.ms = 60000
	enable.auto.commit = false
	enable.metrics.push = true
	exclude.internal.topics = true
	fetch.max.bytes = 52428800
	fetch.max.wait.ms = 500
	fetch.min.bytes = 1
	group.id = order-group
	group.instance.id = null
	group.protocol = classic
	group.remote.assignor = null
	heartbeat.interval.ms = 3000
	interceptor.classes = []
	internal.leave.group.on.close = true
	internal.throw.on.fetch.stable.offset.unsupported = false
	isolation.level = read_uncommitted
	key.deserializer = class org.apache.kafka.common.serialization.StringDeserializer
	max.partition.fetch.bytes = 1048576
	max.poll.interval.ms = 300000
	max.poll.records = 500
	metadata.max.age.ms = 300000
	metadata.recovery.rebootstrap.trigger.ms = 300000
	metadata.recovery.strategy = rebootstrap
	metric.reporters = [org.apache.kafka.common.metrics.JmxReporter]
	metrics.num.samples = 2
	metrics.recording.level = INFO
	metrics.sample.window.ms = 30000
	partition.assignment.strategy = [class org.apache.kafka.clients.consumer.RangeAssignor, class org.apache.kafka.clients.consumer.CooperativeStickyAssignor]
	receive.buffer.bytes = 65536
	reconnect.backoff.max.ms = 1000
	reconnect.backoff.ms = 50
	request.timeout.ms = 30000
	retry.backoff.max.ms = 1000
	retry.backoff.ms = 100
	sasl.client.callback.handler.class = null
	sasl.jaas.config = null
	sasl.kerberos.kinit.cmd = /usr/bin/kinit
	sasl.kerberos.min.time.before.relogin = 60000
	sasl.kerberos.service.name = null
	sasl.kerberos.ticket.renew.jitter = 0.05
	sasl.kerberos.ticket.renew.window.factor = 0.8
	sasl.login.callback.handler.class = null
	sasl.login.class = null
	sasl.login.connect.timeout.ms = null
	sasl.login.read.timeout.ms = null
	sasl.login.refresh.buffer.seconds = 300
	sasl.login.refresh.min.period.seconds = 60
	sasl.login.refresh.window.factor = 0.8
	sasl.login.refresh.window.jitter = 0.05
	sasl.login.retry.backoff.max.ms = 10000
	sasl.login.retry.backoff.ms = 100
	sasl.mechanism = GSSAPI
	sasl.oauthbearer.assertion.algorithm = RS256
	sasl.oauthbearer.assertion.claim.aud = null
	sasl.oauthbearer.assertion.claim.exp.seconds = 300
	sasl.oauthbearer.assertion.claim.iss = null
	sasl.oauthbearer.assertion.claim.jti.include = false
	sasl.oauthbearer.assertion.claim.nbf.seconds = 60
	sasl.oauthbearer.assertion.claim.sub = null
	sasl.oauthbearer.assertion.file = null
	sasl.oauthbearer.assertion.private.key.file = null
	sasl.oauthbearer.assertion.private.key.passphrase = null
	sasl.oauthbearer.assertion.template.file = null
	sasl.oauthbearer.client.credentials.client.id = null
	sasl.oauthbearer.client.credentials.client.secret = null
	sasl.oauthbearer.clock.skew.seconds = 30
	sasl.oauthbearer.expected.audience = null
	sasl.oauthbearer.expected.issuer = null
	sasl.oauthbearer.header.urlencode = false
	sasl.oauthbearer.jwks.endpoint.refresh.ms = 3600000
	sasl.oauthbearer.jwks.endpoint.retry.backoff.max.ms = 10000
	sasl.oauthbearer.jwks.endpoint.retry.backoff.ms = 100
	sasl.oauthbearer.jwks.endpoint.url = null
	sasl.oauthbearer.jwt.retriever.class = class org.apache.kafka.common.security.oauthbearer.DefaultJwtRetriever
	sasl.oauthbearer.jwt.validator.class = class org.apache.kafka.common.security.oauthbearer.DefaultJwtValidator
	sasl.oauthbearer.scope = null
	sasl.oauthbearer.scope.claim.name = scope
	sasl.oauthbearer.sub.claim.name = sub
	sasl.oauthbearer.token.endpoint.url = null
	security.protocol = PLAINTEXT
	security.providers = null
	send.buffer.bytes = 131072
	session.timeout.ms = 45000
	share.acknowledgement.mode = implicit
	socket.connection.setup.timeout.max.ms = 30000
	socket.connection.setup.timeout.ms = 10000
	ssl.cipher.suites = null
	ssl.enabled.protocols = [TLSv1.2, TLSv1.3]
	ssl.endpoint.identification.algorithm = https
	ssl.engine.factory.class = null
	ssl.key.password = null
	ssl.keymanager.algorithm = SunX509
	ssl.keystore.certificate.chain = null
	ssl.keystore.key = null
	ssl.keystore.location = null
	ssl.keystore.password = null
	ssl.keystore.type = JKS
	ssl.protocol = TLSv1.3
	ssl.provider = null
	ssl.secure.random.implementation = null
	ssl.trustmanager.algorithm = PKIX
	ssl.truststore.certificates = null
	ssl.truststore.location = null
	ssl.truststore.password = null
	ssl.truststore.type = JKS
	value.deserializer = class org.springframework.kafka.support.serializer.ErrorHandlingDeserializer

2026-02-23T17:32:41.056+05:30  INFO 10568 --- [cravekart] [           main] o.a.k.c.t.i.KafkaMetricsCollector        : initializing Kafka metrics collector
2026-02-23T17:32:41.058+05:30  INFO 10568 --- [cravekart] [           main] o.a.kafka.common.utils.AppInfoParser     : Kafka version: 4.1.1
2026-02-23T17:32:41.058+05:30  INFO 10568 --- [cravekart] [           main] o.a.kafka.common.utils.AppInfoParser     : Kafka commitId: be816b82d25370ce
2026-02-23T17:32:41.058+05:30  INFO 10568 --- [cravekart] [           main] o.a.kafka.common.utils.AppInfoParser     : Kafka startTimeMs: 1771848161058
2026-02-23T17:32:41.059+05:30  INFO 10568 --- [cravekart] [           main] o.a.k.c.c.i.ClassicKafkaConsumer         : [Consumer clientId=consumer-order-group-4, groupId=order-group] Subscribed to topic(s): payment-failed
2026-02-23T17:32:41.062+05:30  INFO 10568 --- [cravekart] [           main] o.a.kafka.common.config.AbstractConfig   : ConsumerConfig values: 
	allow.auto.create.topics = true
	auto.commit.interval.ms = 5000
	auto.offset.reset = latest
	bootstrap.servers = [localhost:9092]
	check.crcs = true
	client.dns.lookup = use_all_dns_ips
	client.id = consumer-payment-group-5
	client.rack = 
	connections.max.idle.ms = 540000
	default.api.timeout.ms = 60000
	enable.auto.commit = false
	enable.metrics.push = true
	exclude.internal.topics = true
	fetch.max.bytes = 52428800
	fetch.max.wait.ms = 500
	fetch.min.bytes = 1
	group.id = payment-group
	group.instance.id = null
	group.protocol = classic
	group.remote.assignor = null
	heartbeat.interval.ms = 3000
	interceptor.classes = []
	internal.leave.group.on.close = true
	internal.throw.on.fetch.stable.offset.unsupported = false
	isolation.level = read_uncommitted
	key.deserializer = class org.apache.kafka.common.serialization.StringDeserializer
	max.partition.fetch.bytes = 1048576
	max.poll.interval.ms = 300000
	max.poll.records = 500
	metadata.max.age.ms = 300000
	metadata.recovery.rebootstrap.trigger.ms = 300000
	metadata.recovery.strategy = rebootstrap
	metric.reporters = [org.apache.kafka.common.metrics.JmxReporter]
	metrics.num.samples = 2
	metrics.recording.level = INFO
	metrics.sample.window.ms = 30000
	partition.assignment.strategy = [class org.apache.kafka.clients.consumer.RangeAssignor, class org.apache.kafka.clients.consumer.CooperativeStickyAssignor]
	receive.buffer.bytes = 65536
	reconnect.backoff.max.ms = 1000
	reconnect.backoff.ms = 50
	request.timeout.ms = 30000
	retry.backoff.max.ms = 1000
	retry.backoff.ms = 100
	sasl.client.callback.handler.class = null
	sasl.jaas.config = null
	sasl.kerberos.kinit.cmd = /usr/bin/kinit
	sasl.kerberos.min.time.before.relogin = 60000
	sasl.kerberos.service.name = null
	sasl.kerberos.ticket.renew.jitter = 0.05
	sasl.kerberos.ticket.renew.window.factor = 0.8
	sasl.login.callback.handler.class = null
	sasl.login.class = null
	sasl.login.connect.timeout.ms = null
	sasl.login.read.timeout.ms = null
	sasl.login.refresh.buffer.seconds = 300
	sasl.login.refresh.min.period.seconds = 60
	sasl.login.refresh.window.factor = 0.8
	sasl.login.refresh.window.jitter = 0.05
	sasl.login.retry.backoff.max.ms = 10000
	sasl.login.retry.backoff.ms = 100
	sasl.mechanism = GSSAPI
	sasl.oauthbearer.assertion.algorithm = RS256
	sasl.oauthbearer.assertion.claim.aud = null
	sasl.oauthbearer.assertion.claim.exp.seconds = 300
	sasl.oauthbearer.assertion.claim.iss = null
	sasl.oauthbearer.assertion.claim.jti.include = false
	sasl.oauthbearer.assertion.claim.nbf.seconds = 60
	sasl.oauthbearer.assertion.claim.sub = null
	sasl.oauthbearer.assertion.file = null
	sasl.oauthbearer.assertion.private.key.file = null
	sasl.oauthbearer.assertion.private.key.passphrase = null
	sasl.oauthbearer.assertion.template.file = null
	sasl.oauthbearer.client.credentials.client.id = null
	sasl.oauthbearer.client.credentials.client.secret = null
	sasl.oauthbearer.clock.skew.seconds = 30
	sasl.oauthbearer.expected.audience = null
	sasl.oauthbearer.expected.issuer = null
	sasl.oauthbearer.header.urlencode = false
	sasl.oauthbearer.jwks.endpoint.refresh.ms = 3600000
	sasl.oauthbearer.jwks.endpoint.retry.backoff.max.ms = 10000
	sasl.oauthbearer.jwks.endpoint.retry.backoff.ms = 100
	sasl.oauthbearer.jwks.endpoint.url = null
	sasl.oauthbearer.jwt.retriever.class = class org.apache.kafka.common.security.oauthbearer.DefaultJwtRetriever
	sasl.oauthbearer.jwt.validator.class = class org.apache.kafka.common.security.oauthbearer.DefaultJwtValidator
	sasl.oauthbearer.scope = null
	sasl.oauthbearer.scope.claim.name = scope
	sasl.oauthbearer.sub.claim.name = sub
	sasl.oauthbearer.token.endpoint.url = null
	security.protocol = PLAINTEXT
	security.providers = null
	send.buffer.bytes = 131072
	session.timeout.ms = 45000
	share.acknowledgement.mode = implicit
	socket.connection.setup.timeout.max.ms = 30000
	socket.connection.setup.timeout.ms = 10000
	ssl.cipher.suites = null
	ssl.enabled.protocols = [TLSv1.2, TLSv1.3]
	ssl.endpoint.identification.algorithm = https
	ssl.engine.factory.class = null
	ssl.key.password = null
	ssl.keymanager.algorithm = SunX509
	ssl.keystore.certificate.chain = null
	ssl.keystore.key = null
	ssl.keystore.location = null
	ssl.keystore.password = null
	ssl.keystore.type = JKS
	ssl.protocol = TLSv1.3
	ssl.provider = null
	ssl.secure.random.implementation = null
	ssl.trustmanager.algorithm = PKIX
	ssl.truststore.certificates = null
	ssl.truststore.location = null
	ssl.truststore.password = null
	ssl.truststore.type = JKS
	value.deserializer = class org.springframework.kafka.support.serializer.ErrorHandlingDeserializer

2026-02-23T17:32:41.062+05:30  INFO 10568 --- [cravekart] [           main] o.a.k.c.t.i.KafkaMetricsCollector        : initializing Kafka metrics collector
2026-02-23T17:32:41.064+05:30  INFO 10568 --- [cravekart] [           main] o.a.kafka.common.utils.AppInfoParser     : Kafka version: 4.1.1
2026-02-23T17:32:41.064+05:30  INFO 10568 --- [cravekart] [           main] o.a.kafka.common.utils.AppInfoParser     : Kafka commitId: be816b82d25370ce
2026-02-23T17:32:41.064+05:30  INFO 10568 --- [cravekart] [           main] o.a.kafka.common.utils.AppInfoParser     : Kafka startTimeMs: 1771848161064
2026-02-23T17:32:41.065+05:30  INFO 10568 --- [cravekart] [           main] o.a.k.c.c.i.ClassicKafkaConsumer         : [Consumer clientId=consumer-payment-group-5, groupId=payment-group] Subscribed to topic(s): order-created
2026-02-23T17:32:41.068+05:30  INFO 10568 --- [cravekart] [           main] o.a.kafka.common.config.AbstractConfig   : ConsumerConfig values: 
	allow.auto.create.topics = true
	auto.commit.interval.ms = 5000
	auto.offset.reset = latest
	bootstrap.servers = [localhost:9092]
	check.crcs = true
	client.dns.lookup = use_all_dns_ips
	client.id = consumer-order-group-6
	client.rack = 
	connections.max.idle.ms = 540000
	default.api.timeout.ms = 60000
	enable.auto.commit = false
	enable.metrics.push = true
	exclude.internal.topics = true
	fetch.max.bytes = 52428800
	fetch.max.wait.ms = 500
	fetch.min.bytes = 1
	group.id = order-group
	group.instance.id = null
	group.protocol = classic
	group.remote.assignor = null
	heartbeat.interval.ms = 3000
	interceptor.classes = []
	internal.leave.group.on.close = true
	internal.throw.on.fetch.stable.offset.unsupported = false
	isolation.level = read_uncommitted
	key.deserializer = class org.apache.kafka.common.serialization.StringDeserializer
	max.partition.fetch.bytes = 1048576
	max.poll.interval.ms = 300000
	max.poll.records = 500
	metadata.max.age.ms = 300000
	metadata.recovery.rebootstrap.trigger.ms = 300000
	metadata.recovery.strategy = rebootstrap
	metric.reporters = [org.apache.kafka.common.metrics.JmxReporter]
	metrics.num.samples = 2
	metrics.recording.level = INFO
	metrics.sample.window.ms = 30000
	partition.assignment.strategy = [class org.apache.kafka.clients.consumer.RangeAssignor, class org.apache.kafka.clients.consumer.CooperativeStickyAssignor]
	receive.buffer.bytes = 65536
	reconnect.backoff.max.ms = 1000
	reconnect.backoff.ms = 50
	request.timeout.ms = 30000
	retry.backoff.max.ms = 1000
	retry.backoff.ms = 100
	sasl.client.callback.handler.class = null
	sasl.jaas.config = null
	sasl.kerberos.kinit.cmd = /usr/bin/kinit
	sasl.kerberos.min.time.before.relogin = 60000
	sasl.kerberos.service.name = null
	sasl.kerberos.ticket.renew.jitter = 0.05
	sasl.kerberos.ticket.renew.window.factor = 0.8
	sasl.login.callback.handler.class = null
	sasl.login.class = null
	sasl.login.connect.timeout.ms = null
	sasl.login.read.timeout.ms = null
	sasl.login.refresh.buffer.seconds = 300
	sasl.login.refresh.min.period.seconds = 60
	sasl.login.refresh.window.factor = 0.8
	sasl.login.refresh.window.jitter = 0.05
	sasl.login.retry.backoff.max.ms = 10000
	sasl.login.retry.backoff.ms = 100
	sasl.mechanism = GSSAPI
	sasl.oauthbearer.assertion.algorithm = RS256
	sasl.oauthbearer.assertion.claim.aud = null
	sasl.oauthbearer.assertion.claim.exp.seconds = 300
	sasl.oauthbearer.assertion.claim.iss = null
	sasl.oauthbearer.assertion.claim.jti.include = false
	sasl.oauthbearer.assertion.claim.nbf.seconds = 60
	sasl.oauthbearer.assertion.claim.sub = null
	sasl.oauthbearer.assertion.file = null
	sasl.oauthbearer.assertion.private.key.file = null
	sasl.oauthbearer.assertion.private.key.passphrase = null
	sasl.oauthbearer.assertion.template.file = null
	sasl.oauthbearer.client.credentials.client.id = null
	sasl.oauthbearer.client.credentials.client.secret = null
	sasl.oauthbearer.clock.skew.seconds = 30
	sasl.oauthbearer.expected.audience = null
	sasl.oauthbearer.expected.issuer = null
	sasl.oauthbearer.header.urlencode = false
	sasl.oauthbearer.jwks.endpoint.refresh.ms = 3600000
	sasl.oauthbearer.jwks.endpoint.retry.backoff.max.ms = 10000
	sasl.oauthbearer.jwks.endpoint.retry.backoff.ms = 100
	sasl.oauthbearer.jwks.endpoint.url = null
	sasl.oauthbearer.jwt.retriever.class = class org.apache.kafka.common.security.oauthbearer.DefaultJwtRetriever
	sasl.oauthbearer.jwt.validator.class = class org.apache.kafka.common.security.oauthbearer.DefaultJwtValidator
	sasl.oauthbearer.scope = null
	sasl.oauthbearer.scope.claim.name = scope
	sasl.oauthbearer.sub.claim.name = sub
	sasl.oauthbearer.token.endpoint.url = null
	security.protocol = PLAINTEXT
	security.providers = null
	send.buffer.bytes = 131072
	session.timeout.ms = 45000
	share.acknowledgement.mode = implicit
	socket.connection.setup.timeout.max.ms = 30000
	socket.connection.setup.timeout.ms = 10000
	ssl.cipher.suites = null
	ssl.enabled.protocols = [TLSv1.2, TLSv1.3]
	ssl.endpoint.identification.algorithm = https
	ssl.engine.factory.class = null
	ssl.key.password = null
	ssl.keymanager.algorithm = SunX509
	ssl.keystore.certificate.chain = null
	ssl.keystore.key = null
	ssl.keystore.location = null
	ssl.keystore.password = null
	ssl.keystore.type = JKS
	ssl.protocol = TLSv1.3
	ssl.provider = null
	ssl.secure.random.implementation = null
	ssl.trustmanager.algorithm = PKIX
	ssl.truststore.certificates = null
	ssl.truststore.location = null
	ssl.truststore.password = null
	ssl.truststore.type = JKS
	value.deserializer = class org.springframework.kafka.support.serializer.ErrorHandlingDeserializer

2026-02-23T17:32:41.069+05:30  INFO 10568 --- [cravekart] [           main] o.a.k.c.t.i.KafkaMetricsCollector        : initializing Kafka metrics collector
2026-02-23T17:32:41.073+05:30  INFO 10568 --- [cravekart] [           main] o.a.kafka.common.utils.AppInfoParser     : Kafka version: 4.1.1
2026-02-23T17:32:41.073+05:30  INFO 10568 --- [cravekart] [           main] o.a.kafka.common.utils.AppInfoParser     : Kafka commitId: be816b82d25370ce
2026-02-23T17:32:41.073+05:30  INFO 10568 --- [cravekart] [           main] o.a.kafka.common.utils.AppInfoParser     : Kafka startTimeMs: 1771848161073
2026-02-23T17:32:41.073+05:30  INFO 10568 --- [cravekart] [           main] o.a.k.c.c.i.ClassicKafkaConsumer         : [Consumer clientId=consumer-order-group-6, groupId=order-group] Subscribed to topic(s): payment-success
2026-02-23T17:32:41.077+05:30  INFO 10568 --- [cravekart] [ntainer#2-0-C-2] org.apache.kafka.clients.Metadata        : [Consumer clientId=consumer-order-group-4, groupId=order-group] Cluster ID: eX5boujeS5KPH4lyYoUzMQ
2026-02-23T17:32:41.079+05:30  INFO 10568 --- [cravekart] [ntainer#0-0-C-2] org.apache.kafka.clients.Metadata        : [Consumer clientId=consumer-payment-group-5, groupId=payment-group] Cluster ID: eX5boujeS5KPH4lyYoUzMQ
2026-02-23T17:32:41.080+05:30  INFO 10568 --- [cravekart] [ntainer#0-0-C-2] o.a.k.c.c.internals.ConsumerCoordinator  : [Consumer clientId=consumer-payment-group-5, groupId=payment-group] Discovered group coordinator localhost:9094 (id: 2147483645 rack: null isFenced: false)
2026-02-23T17:32:41.082+05:30  INFO 10568 --- [cravekart] [ntainer#0-0-C-2] o.a.k.c.c.internals.ConsumerCoordinator  : [Consumer clientId=consumer-payment-group-5, groupId=payment-group] (Re-)joining group
2026-02-23T17:32:41.083+05:30  INFO 10568 --- [cravekart] [ntainer#2-0-C-2] o.a.k.c.c.internals.ConsumerCoordinator  : [Consumer clientId=consumer-order-group-4, groupId=order-group] Discovered group coordinator localhost:9094 (id: 2147483645 rack: null isFenced: false)
2026-02-23T17:32:41.085+05:30  INFO 10568 --- [cravekart] [ntainer#2-0-C-2] o.a.k.c.c.internals.ConsumerCoordinator  : [Consumer clientId=consumer-order-group-4, groupId=order-group] (Re-)joining group
2026-02-23T17:32:41.087+05:30  INFO 10568 --- [cravekart] [ntainer#1-0-C-2] org.apache.kafka.clients.Metadata        : [Consumer clientId=consumer-order-group-6, groupId=order-group] Cluster ID: eX5boujeS5KPH4lyYoUzMQ
2026-02-23T17:32:41.088+05:30  INFO 10568 --- [cravekart] [ntainer#1-0-C-2] o.a.k.c.c.internals.ConsumerCoordinator  : [Consumer clientId=consumer-order-group-6, groupId=order-group] Discovered group coordinator localhost:9094 (id: 2147483645 rack: null isFenced: false)
2026-02-23T17:32:41.088+05:30  INFO 10568 --- [cravekart] [ntainer#0-0-C-2] o.a.k.c.c.internals.ConsumerCoordinator  : [Consumer clientId=consumer-payment-group-5, groupId=payment-group] Request joining group due to: need to re-join with the given member-id: consumer-payment-group-5-f7a9f1b2-3229-4b40-b8b1-be37c6d0562a
2026-02-23T17:32:41.089+05:30  INFO 10568 --- [cravekart] [ntainer#0-0-C-2] o.a.k.c.c.internals.ConsumerCoordinator  : [Consumer clientId=consumer-payment-group-5, groupId=payment-group] (Re-)joining group
2026-02-23T17:32:41.089+05:30  INFO 10568 --- [cravekart] [ntainer#1-0-C-2] o.a.k.c.c.internals.ConsumerCoordinator  : [Consumer clientId=consumer-order-group-6, groupId=order-group] (Re-)joining group
2026-02-23T17:32:41.090+05:30  INFO 10568 --- [cravekart] [ntainer#2-0-C-2] o.a.k.c.c.internals.ConsumerCoordinator  : [Consumer clientId=consumer-order-group-4, groupId=order-group] Request joining group due to: need to re-join with the given member-id: consumer-order-group-4-c9384890-491e-4e5c-9ce7-bd4542add213
2026-02-23T17:32:41.090+05:30  INFO 10568 --- [cravekart] [ntainer#2-0-C-2] o.a.k.c.c.internals.ConsumerCoordinator  : [Consumer clientId=consumer-order-group-4, groupId=order-group] (Re-)joining group
2026-02-23T17:32:41.098+05:30  INFO 10568 --- [cravekart] [ntainer#1-0-C-2] o.a.k.c.c.internals.ConsumerCoordinator  : [Consumer clientId=consumer-order-group-6, groupId=order-group] Request joining group due to: need to re-join with the given member-id: consumer-order-group-6-2c999001-34f2-4ee4-b62e-9e9893fc129c
2026-02-23T17:32:41.098+05:30  INFO 10568 --- [cravekart] [ntainer#1-0-C-2] o.a.k.c.c.internals.ConsumerCoordinator  : [Consumer clientId=consumer-order-group-6, groupId=order-group] (Re-)joining group
2026-02-23T17:32:41.111+05:30 DEBUG 10568 --- [cravekart] [           main] org.hibernate.SQL                        : 
    select
        r1_0.id,
        r1_0.address_id,
        r1_0.instagram,
        r1_0.mail,
        r1_0.mobile,
        r1_0.twitter,
        r1_0.created_at,
        r1_0.cuisine_type,
        r1_0.description,
        r1_0.name,
        r1_0.open,
        r1_0.opening_hours,
        r1_0.rating_count,
        r1_0.partner_id,
        r1_0.updated_at 
    from
        restaurant r1_0 
    where
        r1_0.id=?
2026-02-23T17:32:41.201+05:30 DEBUG 10568 --- [cravekart] [           main] org.hibernate.SQL                        : 
    select
        fc1_0.id,
        fc1_0.created_at,
        fc1_0.name,
        fc1_0.restaurant_id,
        fc1_0.updated_at 
    from
        food_category fc1_0 
    where
        fc1_0.restaurant_id=? 
    order by
        fc1_0.id
2026-02-23T17:32:41.211+05:30 DEBUG 10568 --- [cravekart] [           main] org.hibernate.SQL                        : 
    select
        f1_0.id,
        f1_0.available,
        f1_0.category_id,
        f1_0.created_at,
        f1_0.description,
        f1_0.name,
        f1_0.price,
        f1_0.restaurant_id,
        f1_0.seasonal,
        f1_0.updated_at,
        f1_0.vegetarian 
    from
        food f1_0 
    where
        f1_0.restaurant_id=? 
        and f1_0.available=true 
    order by
        f1_0.category_id
2026-02-23T17:32:41.217+05:30 DEBUG 10568 --- [cravekart] [           main] org.hibernate.SQL                        : 
    select
        i1_0.food_id,
        i1_0.image_url 
    from
        food_images i1_0 
    where
        i1_0.food_id=?
RestaurantMenuResponse(id=1, name=Sakura Sushi, categories=[FoodCategoryResponse(id=1, name=Main Course, foods=[FoodResponse(id=1, name=Paneer Butter Masala, description=Rich and creamy tomato-based curry with soft paneer cubes, price=369.00, vegetarian=true, images=[])])])
]]></system-out>
  </testcase>
</testsuite>